[  145799ms] [ERROR] Failed to initialize adapter: Error @ http://localhost:5173/src/services/auth/auth.service.ts:43
[  145828ms] [ERROR] [vite] Error @ http://localhost:5173/@vite/client:881
[  145829ms] [ERROR] [vite] Failed to reload /src/styles/index.scss. This could be due to syntax errors or importing non-existent modules. (see errors above) @ http://localhost:5173/@vite/client:881
[  145833ms] [WARNING] [JavaScript Warning: "Loading failed for the module with source “http://localhost:5173/src/styles/index.scss?t=1770587581933”." {file: "http://localhost:5173/@vite/client" line: 0}] @ http://localhost:5173/@vite/client:0
[  157625ms] [ERROR] Failed to load organization: Error @ http://localhost:5173/src/App.tsx?t=1770587582096:43
[  162096ms] [ERROR] [vite] Error @ http://localhost:5173/@vite/client:881
[  162096ms] [ERROR] [vite] Failed to reload /src/styles/index.scss. This could be due to syntax errors or importing non-existent modules. (see errors above) @ http://localhost:5173/@vite/client:881
[  162097ms] [ERROR] [vite] Error @ http://localhost:5173/@vite/client:881
[  162097ms] [ERROR] [vite] Failed to reload /src/providers/QueryProvider.tsx. This could be due to syntax errors or importing non-existent modules. (see errors above) @ http://localhost:5173/@vite/client:881
[  162098ms] [WARNING] [JavaScript Warning: "Loading failed for the module with source “http://localhost:5173/src/styles/index.scss?t=1770587598406”." {file: "http://localhost:5173/@vite/client" line: 0}] @ http://localhost:5173/@vite/client:0
[  162098ms] [WARNING] [JavaScript Warning: "Loading failed for the module with source “http://localhost:5173/node_modules/.vite/deps/@tanstack_react-query-devtools.js?v=77320122”." {file: "http://localhost:5173/src/providers/QueryProvider.tsx?t=1770587598406" line: 0}] @ http://localhost:5173/src/providers/QueryProvider.tsx?t=1770587598406:0
[  162932ms] [WARNING] [JavaScript Warning: "Loading failed for the module with source “http://localhost:5173/node_modules/.vite/deps/CDWEKZTF-GPTUOXZI.js?v=77320122”." {file: "http://localhost:5173/node_modules/.vite/deps/@tanstack_react-query-devtools.js?v=77320122" line: 0}] @ http://localhost:5173/node_modules/.vite/deps/@tanstack_react-query-devtools.js?v=77320122:0
[  162937ms] TypeError: error loading dynamically imported module: http://localhost:5173/node_modules/.vite/deps/CDWEKZTF-GPTUOXZI.js?v=77320122
    at handleError (http://localhost:5173/node_modules/.vite/deps/chunk-HR5GWJH4.js?v=77320122:744:13)
    at runUpdates (http://localhost:5173/node_modules/.vite/deps/chunk-HR5GWJH4.js?v=77320122:569:16)
    at completeLoad (http://localhost:5173/node_modules/.vite/deps/chunk-HR5GWJH4.js?v=77320122:158:15)
    at loadEnd (http://localhost:5173/node_modules/.vite/deps/chunk-HR5GWJH4.js?v=77320122:153:26)
    at createResource/load/< (http://localhost:5173/node_modules/.vite/deps/chunk-HR5GWJH4.js?v=77320122:223:71)
    at promise callback*load (http://localhost:5173/node_modules/.vite/deps/chunk-HR5GWJH4.js?v=77320122:223:14)
    at createResource (http://localhost:5173/node_modules/.vite/deps/chunk-HR5GWJH4.js?v=77320122:249:12)
    at wrap (http://localhost:5173/node_modules/.vite/deps/chunk-HR5GWJH4.js?v=77320122:1103:33)
    at createComponent/< (http://localhost:5173/node_modules/.vite/deps/chunk-HR5GWJH4.js?v=77320122:935:28)
    at untrack (http://localhost:5173/node_modules/.vite/deps/chunk-HR5GWJH4.js?v=77320122:259:58)
    at createComponent (http://localhost:5173/node_modules/.vite/deps/chunk-HR5GWJH4.js?v=77320122:935:10)
    at mount/dispose< (http://localhost:5173/node_modules/.vite/deps/@tanstack_react-query-devtools.js?v=77320122:115:14)
    at render/< (http://localhost:5173/node_modules/.vite/deps/chunk-HR5GWJH4.js?v=77320122:1370:53)
    at createRoot/updateFn< (http://localhost:5173/node_modules/.vite/deps/chunk-HR5GWJH4.js?v=77320122:61:40)
    at runUpdates (http://localhost:5173/node_modules/.vite/deps/chunk-HR5GWJH4.js?v=77320122:563:17)
    at createRoot (http://localhost:5173/node_modules/.vite/deps/chunk-HR5GWJH4.js?v=77320122:65:12)
    at render (http://localhost:5173/node_modules/.vite/deps/chunk-HR5GWJH4.js?v=77320122:1368:13)
    at mount (http://localhost:5173/node_modules/.vite/deps/@tanstack_react-query-devtools.js?v=77320122:98:27)
    at ReactQueryDevtools/< (http://localhost:5173/node_modules/.vite/deps/@tanstack_react-query-devtools.js?v=77320122:363:16)
    at react-stack-bottom-frame (http://localhost:5173/node_modules/.vite/deps/react-dom_client.js?v=77320122:17478:20)
    at runWithFiberInDEV (http://localhost:5173/node_modules/.vite/deps/react-dom_client.js?v=77320122:1487:15)
    at commitHookEffectListMount (http://localhost:5173/node_modules/.vite/deps/react-dom_client.js?v=77320122:8460:122)
    at commitHookPassiveMountEffects (http://localhost:5173/node_modules/.vite/deps/react-dom_client.js?v=77320122:8518:60)
    at commitPassiveMountOnFiber (http://localhost:5173/node_modules/.vite/deps/react-dom_client.js?v=77320122:9887:29)
    at recursivelyTraversePassiveMountEffects (http://localhost:5173/node_modules/.vite/deps/react-dom_client.js?v=77320122:9868:38)
    at commitPassiveMountOnFiber (http://localhost:5173/node_modules/.vite/deps/react-dom_client.js?v=77320122:9984:51)
    at recursivelyTraversePassiveMountEffects (http://localhost:5173/node_modules/.vite/deps/react-dom_client.js?v=77320122:9868:38)
    at commitPassiveMountOnFiber (http://localhost:5173/node_modules/.vite/deps/react-dom_client.js?v=77320122:9881:51)
    at recursivelyTraversePassiveMountEffects (http://localhost:5173/node_modules/.vite/deps/react-dom_client.js?v=77320122:9868:38)
    at commitPassiveMountOnFiber (http://localhost:5173/node_modules/.vite/deps/react-dom_client.js?v=77320122:9881:51)
    at recursivelyTraversePassiveMountEffects (http://localhost:5173/node_modules/.vite/deps/react-dom_client.js?v=77320122:9868:38)
    at commitPassiveMountOnFiber (http://localhost:5173/node_modules/.vite/deps/react-dom_client.js?v=77320122:9899:51)
    at flushPassiveEffects (http://localhost:5173/node_modules/.vite/deps/react-dom_client.js?v=77320122:11302:36)
    at ../node_modules/.pnpm/react-dom (19.1.0_react@19.1.0/node_modules/react-dom/cjs/react-dom-client.development.js/commitRoot/<@http://localhost:5173/node_modules/.vite/deps/react-dom_client.js?v=77320122:11060:32)
    at performWorkUntilDeadline (http://localhost:5173/node_modules/.vite/deps/react-dom_client.js?v=77320122:36:58)
    at EventHandlerNonNull*../node_modules/.pnpm/scheduler (0.26.0/node_modules/scheduler/cjs/scheduler.development.js/<@http://localhost:5173/node_modules/.vite/deps/react-dom_client.js?v=77320122:156:9)
    at ../node_modules/.pnpm/scheduler (0.26.0/node_modules/scheduler/cjs/scheduler.development.js@http://localhost:5173/node_modules/.vite/deps/react-dom_client.js?v=77320122:266:7)
    at __require2 (http://localhost:5173/node_modules/.vite/deps/chunk-OL46QLBJ.js?v=77320122:21:50)
    at ../node_modules/.pnpm/scheduler (0.26.0/node_modules/scheduler/index.js@http://localhost:5173/node_modules/.vite/deps/react-dom_client.js?v=77320122:277:24)
    at __require2 (http://localhost:5173/node_modules/.vite/deps/chunk-OL46QLBJ.js?v=77320122:21:50)
    at ../node_modules/.pnpm/react-dom (19.1.0_react@19.1.0/node_modules/react-dom/cjs/react-dom-client.development.js/<@http://localhost:5173/node_modules/.vite/deps/react-dom_client.js?v=77320122:15216:23)
    at ../node_modules/.pnpm/react-dom (19.1.0_react@19.1.0/node_modules/react-dom/cjs/react-dom-client.development.js@http://localhost:5173/node_modules/.vite/deps/react-dom_client.js?v=77320122:18060:7)
    at __require2 (http://localhost:5173/node_modules/.vite/deps/chunk-OL46QLBJ.js?v=77320122:21:50)
    at ../node_modules/.pnpm/react-dom (19.1.0_react@19.1.0/node_modules/react-dom/client.js@http://localhost:5173/node_modules/.vite/deps/react-dom_client.js?v=77320122:18071:24)
    at __require2 (http://localhost:5173/node_modules/.vite/deps/chunk-OL46QLBJ.js?v=77320122:21:50)
    at  (http://localhost:5173/node_modules/.vite/deps/react-dom_client.js?v=77320122:18075:16)
[  163722ms] RangeError: invalid language tag: "undefined"
    at handleError (http://localhost:5173/node_modules/.vite/deps/chunk-HR5GWJH4.js?v=77320122:744:13)
    at runUpdates (http://localhost:5173/node_modules/.vite/deps/chunk-HR5GWJH4.js?v=77320122:569:16)
    at completeLoad (http://localhost:5173/node_modules/.vite/deps/chunk-HR5GWJH4.js?v=77320122:158:15)
    at loadEnd (http://localhost:5173/node_modules/.vite/deps/chunk-HR5GWJH4.js?v=77320122:153:26)
    at createResource/load/< (http://localhost:5173/node_modules/.vite/deps/chunk-HR5GWJH4.js?v=77320122:223:71)
    at promise callback*load (http://localhost:5173/node_modules/.vite/deps/chunk-HR5GWJH4.js?v=77320122:223:14)
    at createResource (http://localhost:5173/node_modules/.vite/deps/chunk-HR5GWJH4.js?v=77320122:249:12)
    at wrap (http://localhost:5173/node_modules/.vite/deps/chunk-HR5GWJH4.js?v=77320122:1103:33)
    at createComponent/< (http://localhost:5173/node_modules/.vite/deps/chunk-HR5GWJH4.js?v=77320122:935:28)
    at untrack (http://localhost:5173/node_modules/.vite/deps/chunk-HR5GWJH4.js?v=77320122:259:58)
    at createComponent (http://localhost:5173/node_modules/.vite/deps/chunk-HR5GWJH4.js?v=77320122:935:10)
    at mount/dispose< (http://localhost:5173/node_modules/.vite/deps/@tanstack_react-query-devtools.js?v=77320122:115:14)
    at render/< (http://localhost:5173/node_modules/.vite/deps/chunk-HR5GWJH4.js?v=77320122:1370:53)
    at createRoot/updateFn< (http://localhost:5173/node_modules/.vite/deps/chunk-HR5GWJH4.js?v=77320122:61:40)
    at runUpdates (http://localhost:5173/node_modules/.vite/deps/chunk-HR5GWJH4.js?v=77320122:563:17)
    at createRoot (http://localhost:5173/node_modules/.vite/deps/chunk-HR5GWJH4.js?v=77320122:65:12)
    at render (http://localhost:5173/node_modules/.vite/deps/chunk-HR5GWJH4.js?v=77320122:1368:13)
    at mount (http://localhost:5173/node_modules/.vite/deps/@tanstack_react-query-devtools.js?v=77320122:98:27)
    at ReactQueryDevtools/< (http://localhost:5173/node_modules/.vite/deps/@tanstack_react-query-devtools.js?v=77320122:363:16)
    at react-stack-bottom-frame (http://localhost:5173/node_modules/.vite/deps/react-dom_client.js?v=77320122:17478:20)
    at runWithFiberInDEV (http://localhost:5173/node_modules/.vite/deps/react-dom_client.js?v=77320122:1487:15)
    at commitHookEffectListMount (http://localhost:5173/node_modules/.vite/deps/react-dom_client.js?v=77320122:8460:122)
    at commitHookPassiveMountEffects (http://localhost:5173/node_modules/.vite/deps/react-dom_client.js?v=77320122:8518:60)
    at commitPassiveMountOnFiber (http://localhost:5173/node_modules/.vite/deps/react-dom_client.js?v=77320122:9887:29)
    at recursivelyTraversePassiveMountEffects (http://localhost:5173/node_modules/.vite/deps/react-dom_client.js?v=77320122:9868:38)
    at commitPassiveMountOnFiber (http://localhost:5173/node_modules/.vite/deps/react-dom_client.js?v=77320122:9984:51)
    at recursivelyTraversePassiveMountEffects (http://localhost:5173/node_modules/.vite/deps/react-dom_client.js?v=77320122:9868:38)
    at commitPassiveMountOnFiber (http://localhost:5173/node_modules/.vite/deps/react-dom_client.js?v=77320122:9881:51)
    at recursivelyTraversePassiveMountEffects (http://localhost:5173/node_modules/.vite/deps/react-dom_client.js?v=77320122:9868:38)
    at commitPassiveMountOnFiber (http://localhost:5173/node_modules/.vite/deps/react-dom_client.js?v=77320122:9881:51)
    at recursivelyTraversePassiveMountEffects (http://localhost:5173/node_modules/.vite/deps/react-dom_client.js?v=77320122:9868:38)
    at commitPassiveMountOnFiber (http://localhost:5173/node_modules/.vite/deps/react-dom_client.js?v=77320122:9899:51)
    at flushPassiveEffects (http://localhost:5173/node_modules/.vite/deps/react-dom_client.js?v=77320122:11302:36)
    at ../node_modules/.pnpm/react-dom (19.1.0_react@19.1.0/node_modules/react-dom/cjs/react-dom-client.development.js/commitRoot/<@http://localhost:5173/node_modules/.vite/deps/react-dom_client.js?v=77320122:11060:32)
    at performWorkUntilDeadline (http://localhost:5173/node_modules/.vite/deps/react-dom_client.js?v=77320122:36:58)
    at EventHandlerNonNull*../node_modules/.pnpm/scheduler (0.26.0/node_modules/scheduler/cjs/scheduler.development.js/<@http://localhost:5173/node_modules/.vite/deps/react-dom_client.js?v=77320122:156:9)
    at ../node_modules/.pnpm/scheduler (0.26.0/node_modules/scheduler/cjs/scheduler.development.js@http://localhost:5173/node_modules/.vite/deps/react-dom_client.js?v=77320122:266:7)
    at __require2 (http://localhost:5173/node_modules/.vite/deps/chunk-OL46QLBJ.js?v=77320122:21:50)
    at ../node_modules/.pnpm/scheduler (0.26.0/node_modules/scheduler/index.js@http://localhost:5173/node_modules/.vite/deps/react-dom_client.js?v=77320122:277:24)
    at __require2 (http://localhost:5173/node_modules/.vite/deps/chunk-OL46QLBJ.js?v=77320122:21:50)
    at ../node_modules/.pnpm/react-dom (19.1.0_react@19.1.0/node_modules/react-dom/cjs/react-dom-client.development.js/<@http://localhost:5173/node_modules/.vite/deps/react-dom_client.js?v=77320122:15216:23)
    at ../node_modules/.pnpm/react-dom (19.1.0_react@19.1.0/node_modules/react-dom/cjs/react-dom-client.development.js@http://localhost:5173/node_modules/.vite/deps/react-dom_client.js?v=77320122:18060:7)
    at __require2 (http://localhost:5173/node_modules/.vite/deps/chunk-OL46QLBJ.js?v=77320122:21:50)
    at ../node_modules/.pnpm/react-dom (19.1.0_react@19.1.0/node_modules/react-dom/client.js@http://localhost:5173/node_modules/.vite/deps/react-dom_client.js?v=77320122:18071:24)
    at __require2 (http://localhost:5173/node_modules/.vite/deps/chunk-OL46QLBJ.js?v=77320122:21:50)
    at  (http://localhost:5173/node_modules/.vite/deps/react-dom_client.js?v=77320122:18075:16)
[  163886ms] [ERROR] Failed to load organization: Error @ http://localhost:5173/src/App.tsx?t=1770587598412:43
