[     439ms] TypeError: NetworkError when attempting to fetch resource.
    at getEmojis (http://localhost:5173/src/services/EmojiService.ts:12:30)
    at async*init (http://localhost:5173/src/services/EmojiService.ts:7:23)
    at initApp (http://localhost:5173/src/App.tsx:60:28)
    at App/< (http://localhost:5173/src/App.tsx:70:5)
    at react-stack-bottom-frame (http://localhost:5173/node_modules/.vite/deps/react-dom_client.js?v=9f997862:17478:20)
    at runWithFiberInDEV (http://localhost:5173/node_modules/.vite/deps/react-dom_client.js?v=9f997862:1487:15)
    at commitHookEffectListMount (http://localhost:5173/node_modules/.vite/deps/react-dom_client.js?v=9f997862:8460:122)
    at commitHookPassiveMountEffects (http://localhost:5173/node_modules/.vite/deps/react-dom_client.js?v=9f997862:8518:60)
    at commitPassiveMountOnFiber (http://localhost:5173/node_modules/.vite/deps/react-dom_client.js?v=9f997862:9887:29)
    at recursivelyTraversePassiveMountEffects (http://localhost:5173/node_modules/.vite/deps/react-dom_client.js?v=9f997862:9868:38)
    at commitPassiveMountOnFiber (http://localhost:5173/node_modules/.vite/deps/react-dom_client.js?v=9f997862:9984:51)
    at recursivelyTraversePassiveMountEffects (http://localhost:5173/node_modules/.vite/deps/react-dom_client.js?v=9f997862:9868:38)
    at commitPassiveMountOnFiber (http://localhost:5173/node_modules/.vite/deps/react-dom_client.js?v=9f997862:9881:51)
    at recursivelyTraversePassiveMountEffects (http://localhost:5173/node_modules/.vite/deps/react-dom_client.js?v=9f997862:9868:38)
    at commitPassiveMountOnFiber (http://localhost:5173/node_modules/.vite/deps/react-dom_client.js?v=9f997862:9881:51)
    at recursivelyTraversePassiveMountEffects (http://localhost:5173/node_modules/.vite/deps/react-dom_client.js?v=9f997862:9868:38)
    at commitPassiveMountOnFiber (http://localhost:5173/node_modules/.vite/deps/react-dom_client.js?v=9f997862:9899:51)
    at flushPassiveEffects (http://localhost:5173/node_modules/.vite/deps/react-dom_client.js?v=9f997862:11302:36)
    at ../node_modules/.pnpm/react-dom (19.1.0_react@19.1.0/node_modules/react-dom/cjs/react-dom-client.development.js/commitRoot/<@http://localhost:5173/node_modules/.vite/deps/react-dom_client.js?v=9f997862:11060:32)
    at performWorkUntilDeadline (http://localhost:5173/node_modules/.vite/deps/react-dom_client.js?v=9f997862:36:58)
    at EventHandlerNonNull*../node_modules/.pnpm/scheduler (0.26.0/node_modules/scheduler/cjs/scheduler.development.js/<@http://localhost:5173/node_modules/.vite/deps/react-dom_client.js?v=9f997862:156:9)
    at ../node_modules/.pnpm/scheduler (0.26.0/node_modules/scheduler/cjs/scheduler.development.js@http://localhost:5173/node_modules/.vite/deps/react-dom_client.js?v=9f997862:266:7)
    at __require2 (http://localhost:5173/node_modules/.vite/deps/chunk-OL46QLBJ.js?v=9f997862:21:50)
    at ../node_modules/.pnpm/scheduler (0.26.0/node_modules/scheduler/index.js@http://localhost:5173/node_modules/.vite/deps/react-dom_client.js?v=9f997862:277:24)
    at __require2 (http://localhost:5173/node_modules/.vite/deps/chunk-OL46QLBJ.js?v=9f997862:21:50)
    at ../node_modules/.pnpm/react-dom (19.1.0_react@19.1.0/node_modules/react-dom/cjs/react-dom-client.development.js/<@http://localhost:5173/node_modules/.vite/deps/react-dom_client.js?v=9f997862:15216:23)
    at ../node_modules/.pnpm/react-dom (19.1.0_react@19.1.0/node_modules/react-dom/cjs/react-dom-client.development.js@http://localhost:5173/node_modules/.vite/deps/react-dom_client.js?v=9f997862:18060:7)
    at __require2 (http://localhost:5173/node_modules/.vite/deps/chunk-OL46QLBJ.js?v=9f997862:21:50)
    at ../node_modules/.pnpm/react-dom (19.1.0_react@19.1.0/node_modules/react-dom/client.js@http://localhost:5173/node_modules/.vite/deps/react-dom_client.js?v=9f997862:18071:24)
    at __require2 (http://localhost:5173/node_modules/.vite/deps/chunk-OL46QLBJ.js?v=9f997862:21:50)
    at  (http://localhost:5173/node_modules/.vite/deps/react-dom_client.js?v=9f997862:18075:16)
[   49654ms] RangeError: invalid language tag: "undefined"
    at handleError (http://localhost:5173/node_modules/.vite/deps/chunk-HR5GWJH4.js?v=9f997862:744:13)
    at runUpdates (http://localhost:5173/node_modules/.vite/deps/chunk-HR5GWJH4.js?v=9f997862:569:16)
    at completeLoad (http://localhost:5173/node_modules/.vite/deps/chunk-HR5GWJH4.js?v=9f997862:158:15)
    at loadEnd (http://localhost:5173/node_modules/.vite/deps/chunk-HR5GWJH4.js?v=9f997862:153:26)
    at createResource/load/< (http://localhost:5173/node_modules/.vite/deps/chunk-HR5GWJH4.js?v=9f997862:223:71)
    at promise callback*load (http://localhost:5173/node_modules/.vite/deps/chunk-HR5GWJH4.js?v=9f997862:223:14)
    at createResource (http://localhost:5173/node_modules/.vite/deps/chunk-HR5GWJH4.js?v=9f997862:249:12)
    at wrap (http://localhost:5173/node_modules/.vite/deps/chunk-HR5GWJH4.js?v=9f997862:1103:33)
    at createComponent/< (http://localhost:5173/node_modules/.vite/deps/chunk-HR5GWJH4.js?v=9f997862:935:28)
    at untrack (http://localhost:5173/node_modules/.vite/deps/chunk-HR5GWJH4.js?v=9f997862:259:58)
    at createComponent (http://localhost:5173/node_modules/.vite/deps/chunk-HR5GWJH4.js?v=9f997862:935:10)
    at mount/dispose< (http://localhost:5173/node_modules/.vite/deps/@tanstack_react-query-devtools.js?t=1770585774450&v=9f997862:115:14)
    at render/< (http://localhost:5173/node_modules/.vite/deps/chunk-HR5GWJH4.js?v=9f997862:1370:53)
    at createRoot/updateFn< (http://localhost:5173/node_modules/.vite/deps/chunk-HR5GWJH4.js?v=9f997862:61:40)
    at runUpdates (http://localhost:5173/node_modules/.vite/deps/chunk-HR5GWJH4.js?v=9f997862:563:17)
    at createRoot (http://localhost:5173/node_modules/.vite/deps/chunk-HR5GWJH4.js?v=9f997862:65:12)
    at render (http://localhost:5173/node_modules/.vite/deps/chunk-HR5GWJH4.js?v=9f997862:1368:13)
    at mount (http://localhost:5173/node_modules/.vite/deps/@tanstack_react-query-devtools.js?t=1770585774450&v=9f997862:98:27)
    at ReactQueryDevtools/< (http://localhost:5173/node_modules/.vite/deps/@tanstack_react-query-devtools.js?t=1770585774450&v=9f997862:363:16)
    at react-stack-bottom-frame (http://localhost:5173/node_modules/.vite/deps/react-dom_client.js?v=9f997862:17478:20)
    at runWithFiberInDEV (http://localhost:5173/node_modules/.vite/deps/react-dom_client.js?v=9f997862:1487:15)
    at commitHookEffectListMount (http://localhost:5173/node_modules/.vite/deps/react-dom_client.js?v=9f997862:8460:122)
    at commitHookPassiveMountEffects (http://localhost:5173/node_modules/.vite/deps/react-dom_client.js?v=9f997862:8518:60)
    at commitPassiveMountOnFiber (http://localhost:5173/node_modules/.vite/deps/react-dom_client.js?v=9f997862:9887:29)
    at recursivelyTraversePassiveMountEffects (http://localhost:5173/node_modules/.vite/deps/react-dom_client.js?v=9f997862:9868:38)
    at commitPassiveMountOnFiber (http://localhost:5173/node_modules/.vite/deps/react-dom_client.js?v=9f997862:9984:51)
    at recursivelyTraversePassiveMountEffects (http://localhost:5173/node_modules/.vite/deps/react-dom_client.js?v=9f997862:9868:38)
    at commitPassiveMountOnFiber (http://localhost:5173/node_modules/.vite/deps/react-dom_client.js?v=9f997862:9881:51)
    at recursivelyTraversePassiveMountEffects (http://localhost:5173/node_modules/.vite/deps/react-dom_client.js?v=9f997862:9868:38)
    at commitPassiveMountOnFiber (http://localhost:5173/node_modules/.vite/deps/react-dom_client.js?v=9f997862:9881:51)
    at recursivelyTraversePassiveMountEffects (http://localhost:5173/node_modules/.vite/deps/react-dom_client.js?v=9f997862:9868:38)
    at commitPassiveMountOnFiber (http://localhost:5173/node_modules/.vite/deps/react-dom_client.js?v=9f997862:9899:51)
    at flushPassiveEffects (http://localhost:5173/node_modules/.vite/deps/react-dom_client.js?v=9f997862:11302:36)
    at flushPendingEffects (http://localhost:5173/node_modules/.vite/deps/react-dom_client.js?v=9f997862:11276:16)
    at flushSpawnedWork (http://localhost:5173/node_modules/.vite/deps/react-dom_client.js?v=9f997862:11250:46)
    at commitRoot (http://localhost:5173/node_modules/.vite/deps/react-dom_client.js?v=9f997862:11081:11)
    at commitRootWhenReady (http://localhost:5173/node_modules/.vite/deps/react-dom_client.js?v=9f997862:10512:19)
    at performWorkOnRoot (http://localhost:5173/node_modules/.vite/deps/react-dom_client.js?v=9f997862:10457:36)
    at performSyncWorkOnRoot (http://localhost:5173/node_modules/.vite/deps/react-dom_client.js?v=9f997862:11635:26)
    at flushSyncWorkAcrossRoots_impl (http://localhost:5173/node_modules/.vite/deps/react-dom_client.js?v=9f997862:11536:122)
    at flushSyncWork$1 (http://localhost:5173/node_modules/.vite/deps/react-dom_client.js?v=9f997862:10567:86)
    at scheduleRefresh (http://localhost:5173/node_modules/.vite/deps/react-dom_client.js?v=9f997862:372:11)
    at performReactRefresh/< (http://localhost:5173/@react-refresh:228:17)
    at performReactRefresh (http://localhost:5173/@react-refresh:217:26)
    at enqueueUpdate< (http://localhost:5173/@react-refresh:586:3)
    at setTimeout handler*debounce/< (http://localhost:5173/@react-refresh:576:14)
    at validateRefreshBoundaryAndEnqueueUpdate (http://localhost:5173/@react-refresh:625:5)
    at  (http://localhost:5173/src/providers/QueryProvider.tsx?t=1770585773207:59:48)
    at accept/< (http://localhost:5173/@vite/client:34:58)
    at fetchUpdate/< (http://localhost:5173/@vite/client:213:13)
    at queueUpdate/< (http://localhost:5173/@vite/client:186:58)
    at queueUpdate (http://localhost:5173/@vite/client:186:36)
    at async*handleMessage/< (http://localhost:5173/@vite/client:930:30)
    at handleMessage (http://localhost:5173/@vite/client:928:25)
    at async*createHMRHandler/</< (http://localhost:5173/@vite/client:490:50)
    at dequeue (http://localhost:5173/@vite/client:516:10)
    at enqueue/< (http://localhost:5173/@vite/client:504:12)
    at enqueue (http://localhost:5173/@vite/client:498:12)
    at createHMRHandler/< (http://localhost:5173/@vite/client:490:29)
    at onMessage (http://localhost:5173/@vite/client:309:20)
    at createWebSocketModuleRunnerTransport/connect/< (http://localhost:5173/@vite/client:439:18)
    at EventListener.handleEvent*connect (http://localhost:5173/@vite/client:438:14)
    at connect (http://localhost:5173/@vite/client:811:29)
    at connect (http://localhost:5173/@vite/client:290:24)
    at connect (http://localhost:5173/@vite/client:383:50)
    at  (http://localhost:5173/@vite/client:908:11)
