[     547ms] TypeError: NetworkError when attempting to fetch resource.
    at getEmojis (http://localhost:5173/src/services/EmojiService.ts:12:30)
    at async*init (http://localhost:5173/src/services/EmojiService.ts:7:23)
    at initApp (http://localhost:5173/src/App.tsx:60:28)
    at App/< (http://localhost:5173/src/App.tsx:70:5)
    at react-stack-bottom-frame (http://localhost:5173/node_modules/.vite/deps/react-dom_client.js?v=9f997862:17478:20)
    at runWithFiberInDEV (http://localhost:5173/node_modules/.vite/deps/react-dom_client.js?v=9f997862:1487:15)
    at commitHookEffectListMount (http://localhost:5173/node_modules/.vite/deps/react-dom_client.js?v=9f997862:8460:122)
    at commitHookPassiveMountEffects (http://localhost:5173/node_modules/.vite/deps/react-dom_client.js?v=9f997862:8518:60)
    at commitPassiveMountOnFiber (http://localhost:5173/node_modules/.vite/deps/react-dom_client.js?v=9f997862:9887:29)
    at recursivelyTraversePassiveMountEffects (http://localhost:5173/node_modules/.vite/deps/react-dom_client.js?v=9f997862:9868:38)
    at commitPassiveMountOnFiber (http://localhost:5173/node_modules/.vite/deps/react-dom_client.js?v=9f997862:9984:51)
    at recursivelyTraversePassiveMountEffects (http://localhost:5173/node_modules/.vite/deps/react-dom_client.js?v=9f997862:9868:38)
    at commitPassiveMountOnFiber (http://localhost:5173/node_modules/.vite/deps/react-dom_client.js?v=9f997862:9881:51)
    at recursivelyTraversePassiveMountEffects (http://localhost:5173/node_modules/.vite/deps/react-dom_client.js?v=9f997862:9868:38)
    at commitPassiveMountOnFiber (http://localhost:5173/node_modules/.vite/deps/react-dom_client.js?v=9f997862:9881:51)
    at recursivelyTraversePassiveMountEffects (http://localhost:5173/node_modules/.vite/deps/react-dom_client.js?v=9f997862:9868:38)
    at commitPassiveMountOnFiber (http://localhost:5173/node_modules/.vite/deps/react-dom_client.js?v=9f997862:9899:51)
    at flushPassiveEffects (http://localhost:5173/node_modules/.vite/deps/react-dom_client.js?v=9f997862:11302:36)
    at ../node_modules/.pnpm/react-dom (19.1.0_react@19.1.0/node_modules/react-dom/cjs/react-dom-client.development.js/commitRoot/<@http://localhost:5173/node_modules/.vite/deps/react-dom_client.js?v=9f997862:11060:32)
    at performWorkUntilDeadline (http://localhost:5173/node_modules/.vite/deps/react-dom_client.js?v=9f997862:36:58)
    at EventHandlerNonNull*../node_modules/.pnpm/scheduler (0.26.0/node_modules/scheduler/cjs/scheduler.development.js/<@http://localhost:5173/node_modules/.vite/deps/react-dom_client.js?v=9f997862:156:9)
    at ../node_modules/.pnpm/scheduler (0.26.0/node_modules/scheduler/cjs/scheduler.development.js@http://localhost:5173/node_modules/.vite/deps/react-dom_client.js?v=9f997862:266:7)
    at __require2 (http://localhost:5173/node_modules/.vite/deps/chunk-OL46QLBJ.js?v=9f997862:21:50)
    at ../node_modules/.pnpm/scheduler (0.26.0/node_modules/scheduler/index.js@http://localhost:5173/node_modules/.vite/deps/react-dom_client.js?v=9f997862:277:24)
    at __require2 (http://localhost:5173/node_modules/.vite/deps/chunk-OL46QLBJ.js?v=9f997862:21:50)
    at ../node_modules/.pnpm/react-dom (19.1.0_react@19.1.0/node_modules/react-dom/cjs/react-dom-client.development.js/<@http://localhost:5173/node_modules/.vite/deps/react-dom_client.js?v=9f997862:15216:23)
    at ../node_modules/.pnpm/react-dom (19.1.0_react@19.1.0/node_modules/react-dom/cjs/react-dom-client.development.js@http://localhost:5173/node_modules/.vite/deps/react-dom_client.js?v=9f997862:18060:7)
    at __require2 (http://localhost:5173/node_modules/.vite/deps/chunk-OL46QLBJ.js?v=9f997862:21:50)
    at ../node_modules/.pnpm/react-dom (19.1.0_react@19.1.0/node_modules/react-dom/client.js@http://localhost:5173/node_modules/.vite/deps/react-dom_client.js?v=9f997862:18071:24)
    at __require2 (http://localhost:5173/node_modules/.vite/deps/chunk-OL46QLBJ.js?v=9f997862:21:50)
    at  (http://localhost:5173/node_modules/.vite/deps/react-dom_client.js?v=9f997862:18075:16)
