[   42186ms] [ERROR] Error 

The above error occurred in the <InvoiceUploadFormDropzone> component.

React will try to recreate this component tree from scratch using the error boundary you provided, ErrorBoundary.
 @ http://localhost:5173/node_modules/.vite/deps/react-dom_client.js?v=9f997862:6263
[   42188ms] [ERROR] ErrorBoundary caught an error: Error JSHandle@object @ http://localhost:5173/src/components/common/ErrorBoundary/ErrorBoundary.tsx:30
[   59948ms] [ERROR] [JavaScript Error: "The connection to ws://localhost:5173/?token=s4em18x_o3Bo was interrupted while the page was loading." {file: "http://localhost:5173/@vite/client" line: 802}] @ http://localhost:5173/@vite/client:802
[   62455ms] [ERROR] [vite] Error @ http://localhost:5173/@vite/client:881
[   62455ms] [ERROR] [vite] Failed to reload /src/styles/index.scss. This could be due to syntax errors or importing non-existent modules. (see errors above) @ http://localhost:5173/@vite/client:881
[   62455ms] [WARNING] [JavaScript Warning: "Loading failed for the module with source “http://localhost:5173/src/styles/index.scss?t=1770586642538”." {file: "http://localhost:5173/@vite/client" line: 0}] @ http://localhost:5173/@vite/client:0
[   62533ms] [ERROR] [vite] Error @ http://localhost:5173/@vite/client:881
[   62533ms] [ERROR] [vite] Failed to reload /src/components/InvoiceUploadForm/InvoiceUploadFormDropzone.tsx. This could be due to syntax errors or importing non-existent modules. (see errors above) @ http://localhost:5173/@vite/client:881
[   62534ms] [WARNING] [JavaScript Warning: "Loading failed for the module with source “http://localhost:5173/src/components/InvoiceUploadForm/InvoiceUploadFormDropzone.tsx?t=1770586642538”." {file: "http://localhost:5173/@vite/client" line: 0}] @ http://localhost:5173/@vite/client:0
[   67257ms] [ERROR] [JavaScript Error: "Firefox can’t establish a connection to the server at ws://localhost:5173/." {file: "http://localhost:5173/@vite/client" line: 1035}] @ http://localhost:5173/@vite/client:1035
[   72263ms] [ERROR] [JavaScript Error: "Firefox can’t establish a connection to the server at ws://localhost:5173/." {file: "http://localhost:5173/@vite/client" line: 1035}] @ http://localhost:5173/@vite/client:1035
[   77315ms] [ERROR] [JavaScript Error: "Firefox can’t establish a connection to the server at ws://localhost:5173/." {file: "http://localhost:5173/@vite/client" line: 1035}] @ http://localhost:5173/@vite/client:1035
[   82240ms] [ERROR] [JavaScript Error: "Firefox can’t establish a connection to the server at ws://localhost:5173/." {file: "http://localhost:5173/@vite/client" line: 1035}] @ http://localhost:5173/@vite/client:1035
[   87162ms] [ERROR] [JavaScript Error: "Firefox can’t establish a connection to the server at ws://localhost:5173/." {file: "http://localhost:5173/@vite/client" line: 1035}] @ http://localhost:5173/@vite/client:1035
[   92139ms] [ERROR] [JavaScript Error: "Firefox can’t establish a connection to the server at ws://localhost:5173/." {file: "http://localhost:5173/@vite/client" line: 1035}] @ http://localhost:5173/@vite/client:1035
[   98254ms] [ERROR] [JavaScript Error: "Firefox can’t establish a connection to the server at ws://localhost:5173/." {file: "http://localhost:5173/@vite/client" line: 1035}] @ http://localhost:5173/@vite/client:1035
[  105861ms] [ERROR] [JavaScript Error: "Firefox can’t establish a connection to the server at ws://localhost:5173/." {file: "http://localhost:5173/@vite/client" line: 1035}] @ http://localhost:5173/@vite/client:1035
[  115860ms] [ERROR] [JavaScript Error: "Firefox can’t establish a connection to the server at ws://localhost:5173/." {file: "http://localhost:5173/@vite/client" line: 1035}] @ http://localhost:5173/@vite/client:1035
[  129694ms] [ERROR] [JavaScript Error: "Firefox can’t establish a connection to the server at ws://localhost:5173/." {file: "http://localhost:5173/@vite/client" line: 1035}] @ http://localhost:5173/@vite/client:1035
[  149556ms] [ERROR] [JavaScript Error: "Firefox can’t establish a connection to the server at ws://localhost:5173/." {file: "http://localhost:5173/@vite/client" line: 1035}] @ http://localhost:5173/@vite/client:1035
[  177608ms] [ERROR] [JavaScript Error: "Firefox can’t establish a connection to the server at ws://localhost:5173/." {file: "http://localhost:5173/@vite/client" line: 1035}] @ http://localhost:5173/@vite/client:1035
