[    3542ms] TypeError: NetworkError when attempting to fetch resource.
    at getEmojis (http://localhost:5173/src/services/EmojiService.ts:12:30)
    at async*init (http://localhost:5173/src/services/EmojiService.ts:7:23)
    at initApp (http://localhost:5173/src/App.tsx?t=1770631067750:60:28)
    at App/< (http://localhost:5173/src/App.tsx?t=1770631067750:70:5)
    at react-stack-bottom-frame (http://localhost:5173/node_modules/.vite/deps/react-dom_client.js?v=1de330d3:17478:20)
    at runWithFiberInDEV (http://localhost:5173/node_modules/.vite/deps/react-dom_client.js?v=1de330d3:1487:15)
    at commitHookEffectListMount (http://localhost:5173/node_modules/.vite/deps/react-dom_client.js?v=1de330d3:8460:122)
    at commitHookPassiveMountEffects (http://localhost:5173/node_modules/.vite/deps/react-dom_client.js?v=1de330d3:8518:60)
    at commitPassiveMountOnFiber (http://localhost:5173/node_modules/.vite/deps/react-dom_client.js?v=1de330d3:9887:29)
    at recursivelyTraversePassiveMountEffects (http://localhost:5173/node_modules/.vite/deps/react-dom_client.js?v=1de330d3:9868:38)
    at commitPassiveMountOnFiber (http://localhost:5173/node_modules/.vite/deps/react-dom_client.js?v=1de330d3:9984:51)
    at recursivelyTraversePassiveMountEffects (http://localhost:5173/node_modules/.vite/deps/react-dom_client.js?v=1de330d3:9868:38)
    at commitPassiveMountOnFiber (http://localhost:5173/node_modules/.vite/deps/react-dom_client.js?v=1de330d3:9881:51)
    at recursivelyTraversePassiveMountEffects (http://localhost:5173/node_modules/.vite/deps/react-dom_client.js?v=1de330d3:9868:38)
    at commitPassiveMountOnFiber (http://localhost:5173/node_modules/.vite/deps/react-dom_client.js?v=1de330d3:9881:51)
    at recursivelyTraversePassiveMountEffects (http://localhost:5173/node_modules/.vite/deps/react-dom_client.js?v=1de330d3:9868:38)
    at commitPassiveMountOnFiber (http://localhost:5173/node_modules/.vite/deps/react-dom_client.js?v=1de330d3:9899:51)
    at flushPassiveEffects (http://localhost:5173/node_modules/.vite/deps/react-dom_client.js?v=1de330d3:11302:36)
    at ../node_modules/.pnpm/react-dom (19.1.0_react@19.1.0/node_modules/react-dom/cjs/react-dom-client.development.js/commitRoot/<@http://localhost:5173/node_modules/.vite/deps/react-dom_client.js?v=1de330d3:11060:32)
    at performWorkUntilDeadline (http://localhost:5173/node_modules/.vite/deps/react-dom_client.js?v=1de330d3:36:58)
    at EventHandlerNonNull*../node_modules/.pnpm/scheduler (0.26.0/node_modules/scheduler/cjs/scheduler.development.js/<@http://localhost:5173/node_modules/.vite/deps/react-dom_client.js?v=1de330d3:156:9)
    at ../node_modules/.pnpm/scheduler (0.26.0/node_modules/scheduler/cjs/scheduler.development.js@http://localhost:5173/node_modules/.vite/deps/react-dom_client.js?v=1de330d3:266:7)
    at __require2 (http://localhost:5173/node_modules/.vite/deps/chunk-OL46QLBJ.js?v=be1bb723:21:50)
    at ../node_modules/.pnpm/scheduler (0.26.0/node_modules/scheduler/index.js@http://localhost:5173/node_modules/.vite/deps/react-dom_client.js?v=1de330d3:277:24)
    at __require2 (http://localhost:5173/node_modules/.vite/deps/chunk-OL46QLBJ.js?v=be1bb723:21:50)
    at ../node_modules/.pnpm/react-dom (19.1.0_react@19.1.0/node_modules/react-dom/cjs/react-dom-client.development.js/<@http://localhost:5173/node_modules/.vite/deps/react-dom_client.js?v=1de330d3:15216:23)
    at ../node_modules/.pnpm/react-dom (19.1.0_react@19.1.0/node_modules/react-dom/cjs/react-dom-client.development.js@http://localhost:5173/node_modules/.vite/deps/react-dom_client.js?v=1de330d3:18060:7)
    at __require2 (http://localhost:5173/node_modules/.vite/deps/chunk-OL46QLBJ.js?v=be1bb723:21:50)
    at ../node_modules/.pnpm/react-dom (19.1.0_react@19.1.0/node_modules/react-dom/client.js@http://localhost:5173/node_modules/.vite/deps/react-dom_client.js?v=1de330d3:18071:24)
    at __require2 (http://localhost:5173/node_modules/.vite/deps/chunk-OL46QLBJ.js?v=be1bb723:21:50)
    at  (http://localhost:5173/node_modules/.vite/deps/react-dom_client.js?v=1de330d3:18075:16)
[   80619ms] [ERROR] [JavaScript Error: "Cross-Origin Request Blocked: The Same Origin Policy disallows reading the remote resource at http://localhost:8101/organization/my. (Reason: CORS request did not succeed). Status code: (null)."] @ :0
[   80621ms] [ERROR] Failed to load organization: Error @ http://localhost:5173/src/App.tsx?t=1770631067750:43
[   80699ms] [ERROR] [JavaScript Error: "Cross-Origin Request Blocked: The Same Origin Policy disallows reading the remote resource at http://localhost:8101/organization/my. (Reason: CORS request did not succeed). Status code: (null)."] @ :0
[  215630ms] [ERROR] Failed to load organization: Error @ http://localhost:5173/src/App.tsx?t=1770631067750:43
[  227311ms] [ERROR] Failed to load organization: Error @ http://localhost:5173/src/App.tsx?t=1770631067750:43
[  255916ms] [ERROR] Failed to load organization: Error @ http://localhost:5173/src/App.tsx?t=1770632634641:43
[  266756ms] [ERROR] Failed to load organization: Error @ http://localhost:5173/src/App.tsx?t=1770632645540:43
