[     216ms] [ERROR] [vite] Error @ http://localhost:5173/@vite/client:881
[     216ms] [ERROR] [vite] Failed to reload /src/App.tsx. This could be due to syntax errors or importing non-existent modules. (see errors above) @ http://localhost:5173/@vite/client:881
[     316ms] [WARNING] [JavaScript Warning: "Loading failed for the module with source “http://localhost:5173/node_modules/.vite/deps/@radix-ui_react-toast.js?v=2cab76a7”." {file: "http://localhost:5173/src/components/ui/shadecn/Toast.tsx" line: 0}] @ http://localhost:5173/src/components/ui/shadecn/Toast.tsx:0
[     316ms] [WARNING] [JavaScript Warning: "Loading failed for the module with source “http://localhost:5173/node_modules/.vite/deps/@radix-ui_react-tooltip.js?v=df2bb4e6”." {file: "http://localhost:5173/src/components/ui/shadecn/Tooltip.tsx" line: 0}] @ http://localhost:5173/src/components/ui/shadecn/Tooltip.tsx:0
[   53798ms] [WARNING] [JavaScript Warning: "Loading failed for the module with source “http://localhost:5173/node_modules/.vite/deps/chunk-N7WQJKLS.js?v=77320122”." {file: "http://localhost:5173/node_modules/.vite/deps/@radix-ui_react-tooltip.js?v=df2bb4e6" line: 0}] @ http://localhost:5173/node_modules/.vite/deps/@radix-ui_react-tooltip.js?v=df2bb4e6:0
[   53799ms] [WARNING] [JavaScript Warning: "Loading failed for the module with source “http://localhost:5173/node_modules/.vite/deps/chunk-BASSJ7HY.js?v=77320122”." {file: "http://localhost:5173/node_modules/.vite/deps/@radix-ui_react-tooltip.js?v=df2bb4e6" line: 0}] @ http://localhost:5173/node_modules/.vite/deps/@radix-ui_react-tooltip.js?v=df2bb4e6:0
[   53800ms] [WARNING] [JavaScript Warning: "Loading failed for the module with source “http://localhost:5173/node_modules/.vite/deps/chunk-Z3KK64MC.js?v=77320122”." {file: "http://localhost:5173/node_modules/.vite/deps/@radix-ui_react-tooltip.js?v=df2bb4e6" line: 0}] @ http://localhost:5173/node_modules/.vite/deps/@radix-ui_react-tooltip.js?v=df2bb4e6:0
[   53800ms] [WARNING] [JavaScript Warning: "Loading failed for the module with source “http://localhost:5173/node_modules/.vite/deps/chunk-ZJLCT7UC.js?v=77320122”." {file: "http://localhost:5173/node_modules/.vite/deps/@radix-ui_react-tooltip.js?v=df2bb4e6" line: 0}] @ http://localhost:5173/node_modules/.vite/deps/@radix-ui_react-tooltip.js?v=df2bb4e6:0
[   53800ms] [WARNING] [JavaScript Warning: "Loading failed for the module with source “http://localhost:5173/node_modules/.vite/deps/chunk-FAW2ULBZ.js?v=77320122”." {file: "http://localhost:5173/node_modules/.vite/deps/@radix-ui_react-tooltip.js?v=df2bb4e6" line: 0}] @ http://localhost:5173/node_modules/.vite/deps/@radix-ui_react-tooltip.js?v=df2bb4e6:0
[   53801ms] [WARNING] [JavaScript Warning: "Loading failed for the module with source “http://localhost:5173/node_modules/.vite/deps/chunk-7YO4S4MC.js?v=77320122”." {file: "http://localhost:5173/node_modules/.vite/deps/@radix-ui_react-tooltip.js?v=df2bb4e6" line: 0}] @ http://localhost:5173/node_modules/.vite/deps/@radix-ui_react-tooltip.js?v=df2bb4e6:0
[   53802ms] [WARNING] [JavaScript Warning: "Loading failed for the module with source “http://localhost:5173/node_modules/.vite/deps/chunk-WGHGHQ6N.js?v=77320122”." {file: "http://localhost:5173/node_modules/.vite/deps/@radix-ui_react-toast.js?v=2cab76a7" line: 0}] @ http://localhost:5173/node_modules/.vite/deps/@radix-ui_react-toast.js?v=2cab76a7:0
[   53802ms] [WARNING] [JavaScript Warning: "Loading failed for the module with source “http://localhost:5173/node_modules/.vite/deps/chunk-W2FZP6GF.js?v=77320122”." {file: "http://localhost:5173/node_modules/.vite/deps/@radix-ui_react-tooltip.js?v=df2bb4e6" line: 0}] @ http://localhost:5173/node_modules/.vite/deps/@radix-ui_react-tooltip.js?v=df2bb4e6:0
[   53804ms] [WARNING] [JavaScript Warning: "Loading failed for the module with source “http://localhost:5173/node_modules/.vite/deps/chunk-CH7CF72W.js?v=77320122”." {file: "http://localhost:5173/node_modules/.vite/deps/@radix-ui_react-tooltip.js?v=df2bb4e6" line: 0}] @ http://localhost:5173/node_modules/.vite/deps/@radix-ui_react-tooltip.js?v=df2bb4e6:0
[   53834ms] [WARNING] [JavaScript Warning: "Loading failed for the module with source “http://localhost:5173/node_modules/.vite/deps/chunk-WAYTHRYJ.js?v=77320122”." {file: "http://localhost:5173/node_modules/.vite/deps/@radix-ui_react-tooltip.js?v=df2bb4e6" line: 0}] @ http://localhost:5173/node_modules/.vite/deps/@radix-ui_react-tooltip.js?v=df2bb4e6:0
[   53835ms] [WARNING] [JavaScript Warning: "Loading failed for the module with source “http://localhost:5173/node_modules/.vite/deps/chunk-DBT2WVQS.js?v=77320122”." {file: "http://localhost:5173/node_modules/.vite/deps/@radix-ui_react-tooltip.js?v=df2bb4e6" line: 0}] @ http://localhost:5173/node_modules/.vite/deps/@radix-ui_react-tooltip.js?v=df2bb4e6:0
[   53835ms] [WARNING] [JavaScript Warning: "Loading failed for the module with source “http://localhost:5173/node_modules/.vite/deps/chunk-STIEDQ2K.js?v=77320122”." {file: "http://localhost:5173/node_modules/.vite/deps/@radix-ui_react-tooltip.js?v=df2bb4e6" line: 0}] @ http://localhost:5173/node_modules/.vite/deps/@radix-ui_react-tooltip.js?v=df2bb4e6:0
[   53835ms] [WARNING] [JavaScript Warning: "Loading failed for the module with source “http://localhost:5173/node_modules/.vite/deps/chunk-M3H5LJ7L.js?v=77320122”." {file: "http://localhost:5173/node_modules/.vite/deps/@radix-ui_react-tooltip.js?v=df2bb4e6" line: 0}] @ http://localhost:5173/node_modules/.vite/deps/@radix-ui_react-tooltip.js?v=df2bb4e6:0
[   53835ms] [WARNING] [JavaScript Warning: "Loading failed for the module with source “http://localhost:5173/node_modules/.vite/deps/chunk-L6HLKWKN.js?v=77320122”." {file: "http://localhost:5173/node_modules/.vite/deps/@radix-ui_react-tooltip.js?v=df2bb4e6" line: 0}] @ http://localhost:5173/node_modules/.vite/deps/@radix-ui_react-tooltip.js?v=df2bb4e6:0
[   53835ms] [WARNING] [JavaScript Warning: "Loading failed for the module with source “http://localhost:5173/node_modules/.vite/deps/chunk-6YFHIEZT.js?v=77320122”." {file: "http://localhost:5173/node_modules/.vite/deps/@radix-ui_react-tooltip.js?v=df2bb4e6" line: 0}] @ http://localhost:5173/node_modules/.vite/deps/@radix-ui_react-tooltip.js?v=df2bb4e6:0
[   53835ms] [WARNING] [JavaScript Warning: "Loading failed for the module with source “http://localhost:5173/node_modules/.vite/deps/chunk-OL46QLBJ.js?v=77320122”." {file: "http://localhost:5173/node_modules/.vite/deps/@radix-ui_react-tooltip.js?v=df2bb4e6" line: 0}] @ http://localhost:5173/node_modules/.vite/deps/@radix-ui_react-tooltip.js?v=df2bb4e6:0
[   53835ms] [WARNING] [JavaScript Warning: "Loading failed for the module with source “http://localhost:5173/node_modules/.vite/deps/chunk-HRUVDUOM.js?v=77320122”." {file: "http://localhost:5173/node_modules/.vite/deps/@radix-ui_react-tooltip.js?v=df2bb4e6" line: 0}] @ http://localhost:5173/node_modules/.vite/deps/@radix-ui_react-tooltip.js?v=df2bb4e6:0
[   88359ms] [ERROR] Error 

The above error occurred in the <li> component.

React will try to recreate this component tree from scratch using the error boundary you provided, ErrorBoundary.
 @ http://localhost:5173/node_modules/.vite/deps/react-dom_client.js?v=77320122:6263
[   88359ms] [ERROR] ErrorBoundary caught an error: Error JSHandle@object @ http://localhost:5173/src/components/common/ErrorBoundary/ErrorBoundary.tsx:30
[  137314ms] [ERROR] Error 

The above error occurred in the <InvoiceUploadFormDropzone> component.

React will try to recreate this component tree from scratch using the error boundary you provided, ErrorBoundary.
 @ http://localhost:5173/node_modules/.vite/deps/react-dom_client.js?v=77320122:6263
[  137316ms] [ERROR] ErrorBoundary caught an error: Error JSHandle@object @ http://localhost:5173/src/components/common/ErrorBoundary/ErrorBoundary.tsx:30
