[     890ms] [WARNING] [JavaScript Warning: "Loading failed for the module with source “http://localhost:5173/node_modules/.vite/deps/chunk-VN527JGS.js?v=9f997862”." {file: "http://localhost:5173/node_modules/.vite/deps/CDWEKZTF-GPTUOXZI.js?v=9f997862" line: 0}] @ http://localhost:5173/node_modules/.vite/deps/CDWEKZTF-GPTUOXZI.js?v=9f997862:0
[     891ms] TypeError: error loading dynamically imported module: http://localhost:5173/node_modules/.vite/deps/chunk-VN527JGS.js?v=9f997862
    at handleError (http://localhost:5173/node_modules/.vite/deps/chunk-HR5GWJH4.js?v=9f997862:744:13)
    at runUpdates (http://localhost:5173/node_modules/.vite/deps/chunk-HR5GWJH4.js?v=9f997862:569:16)
    at completeLoad (http://localhost:5173/node_modules/.vite/deps/chunk-HR5GWJH4.js?v=9f997862:158:15)
    at loadEnd (http://localhost:5173/node_modules/.vite/deps/chunk-HR5GWJH4.js?v=9f997862:153:26)
    at createResource/load/< (http://localhost:5173/node_modules/.vite/deps/chunk-HR5GWJH4.js?v=9f997862:223:71)
    at promise callback*load (http://localhost:5173/node_modules/.vite/deps/chunk-HR5GWJH4.js?v=9f997862:223:14)
    at createResource (http://localhost:5173/node_modules/.vite/deps/chunk-HR5GWJH4.js?v=9f997862:249:12)
    at wrap (http://localhost:5173/node_modules/.vite/deps/chunk-HR5GWJH4.js?v=9f997862:1103:33)
    at createComponent/< (http://localhost:5173/node_modules/.vite/deps/chunk-HR5GWJH4.js?v=9f997862:935:28)
    at untrack (http://localhost:5173/node_modules/.vite/deps/chunk-HR5GWJH4.js?v=9f997862:259:58)
    at createComponent (http://localhost:5173/node_modules/.vite/deps/chunk-HR5GWJH4.js?v=9f997862:935:10)
    at mount/dispose< (http://localhost:5173/node_modules/.vite/deps/@tanstack_react-query-devtools.js?t=1770585774450&v=9f997862:115:14)
    at render/< (http://localhost:5173/node_modules/.vite/deps/chunk-HR5GWJH4.js?v=9f997862:1370:53)
    at createRoot/updateFn< (http://localhost:5173/node_modules/.vite/deps/chunk-HR5GWJH4.js?v=9f997862:61:40)
    at runUpdates (http://localhost:5173/node_modules/.vite/deps/chunk-HR5GWJH4.js?v=9f997862:563:17)
    at createRoot (http://localhost:5173/node_modules/.vite/deps/chunk-HR5GWJH4.js?v=9f997862:65:12)
    at render (http://localhost:5173/node_modules/.vite/deps/chunk-HR5GWJH4.js?v=9f997862:1368:13)
    at mount (http://localhost:5173/node_modules/.vite/deps/@tanstack_react-query-devtools.js?t=1770585774450&v=9f997862:98:27)
    at ReactQueryDevtools/< (http://localhost:5173/node_modules/.vite/deps/@tanstack_react-query-devtools.js?t=1770585774450&v=9f997862:363:16)
    at react-stack-bottom-frame (http://localhost:5173/node_modules/.vite/deps/react-dom_client.js?v=9f997862:17478:20)
    at runWithFiberInDEV (http://localhost:5173/node_modules/.vite/deps/react-dom_client.js?v=9f997862:1487:15)
    at commitHookEffectListMount (http://localhost:5173/node_modules/.vite/deps/react-dom_client.js?v=9f997862:8460:122)
    at commitHookPassiveMountEffects (http://localhost:5173/node_modules/.vite/deps/react-dom_client.js?v=9f997862:8518:60)
    at commitPassiveMountOnFiber (http://localhost:5173/node_modules/.vite/deps/react-dom_client.js?v=9f997862:9887:29)
    at recursivelyTraversePassiveMountEffects (http://localhost:5173/node_modules/.vite/deps/react-dom_client.js?v=9f997862:9868:38)
    at commitPassiveMountOnFiber (http://localhost:5173/node_modules/.vite/deps/react-dom_client.js?v=9f997862:9984:51)
    at recursivelyTraversePassiveMountEffects (http://localhost:5173/node_modules/.vite/deps/react-dom_client.js?v=9f997862:9868:38)
    at commitPassiveMountOnFiber (http://localhost:5173/node_modules/.vite/deps/react-dom_client.js?v=9f997862:9881:51)
    at recursivelyTraversePassiveMountEffects (http://localhost:5173/node_modules/.vite/deps/react-dom_client.js?v=9f997862:9868:38)
    at commitPassiveMountOnFiber (http://localhost:5173/node_modules/.vite/deps/react-dom_client.js?v=9f997862:9881:51)
    at recursivelyTraversePassiveMountEffects (http://localhost:5173/node_modules/.vite/deps/react-dom_client.js?v=9f997862:9868:38)
    at commitPassiveMountOnFiber (http://localhost:5173/node_modules/.vite/deps/react-dom_client.js?v=9f997862:9899:51)
    at flushPassiveEffects (http://localhost:5173/node_modules/.vite/deps/react-dom_client.js?v=9f997862:11302:36)
    at ../node_modules/.pnpm/react-dom (19.1.0_react@19.1.0/node_modules/react-dom/cjs/react-dom-client.development.js/commitRoot/<@http://localhost:5173/node_modules/.vite/deps/react-dom_client.js?v=9f997862:11060:32)
    at performWorkUntilDeadline (http://localhost:5173/node_modules/.vite/deps/react-dom_client.js?v=9f997862:36:58)
    at EventHandlerNonNull*../node_modules/.pnpm/scheduler (0.26.0/node_modules/scheduler/cjs/scheduler.development.js/<@http://localhost:5173/node_modules/.vite/deps/react-dom_client.js?v=9f997862:156:9)
    at ../node_modules/.pnpm/scheduler (0.26.0/node_modules/scheduler/cjs/scheduler.development.js@http://localhost:5173/node_modules/.vite/deps/react-dom_client.js?v=9f997862:266:7)
    at __require2 (http://localhost:5173/node_modules/.vite/deps/chunk-OL46QLBJ.js?v=9f997862:21:50)
    at ../node_modules/.pnpm/scheduler (0.26.0/node_modules/scheduler/index.js@http://localhost:5173/node_modules/.vite/deps/react-dom_client.js?v=9f997862:277:24)
    at __require2 (http://localhost:5173/node_modules/.vite/deps/chunk-OL46QLBJ.js?v=9f997862:21:50)
    at ../node_modules/.pnpm/react-dom (19.1.0_react@19.1.0/node_modules/react-dom/cjs/react-dom-client.development.js/<@http://localhost:5173/node_modules/.vite/deps/react-dom_client.js?v=9f997862:15216:23)
    at ../node_modules/.pnpm/react-dom (19.1.0_react@19.1.0/node_modules/react-dom/cjs/react-dom-client.development.js@http://localhost:5173/node_modules/.vite/deps/react-dom_client.js?v=9f997862:18060:7)
    at __require2 (http://localhost:5173/node_modules/.vite/deps/chunk-OL46QLBJ.js?v=9f997862:21:50)
    at ../node_modules/.pnpm/react-dom (19.1.0_react@19.1.0/node_modules/react-dom/client.js@http://localhost:5173/node_modules/.vite/deps/react-dom_client.js?v=9f997862:18071:24)
    at __require2 (http://localhost:5173/node_modules/.vite/deps/chunk-OL46QLBJ.js?v=9f997862:21:50)
    at  (http://localhost:5173/node_modules/.vite/deps/react-dom_client.js?v=9f997862:18075:16)
