[      14ms] [WARNING] [JavaScript Warning: "Loading failed for the module with source “http://localhost:5173/node_modules/.vite/deps/chunk-CH7CF72W.js?v=77320122”." {file: "http://localhost:5173/node_modules/.vite/deps/@radix-ui_react-dialog.js?v=77320122" line: 0}] @ http://localhost:5173/node_modules/.vite/deps/@radix-ui_react-dialog.js?v=77320122:0
[      15ms] [WARNING] [JavaScript Warning: "Loading failed for the module with source “http://localhost:5173/node_modules/.vite/deps/chunk-N7WQJKLS.js?v=77320122”." {file: "http://localhost:5173/node_modules/.vite/deps/@radix-ui_react-dialog.js?v=77320122" line: 0}] @ http://localhost:5173/node_modules/.vite/deps/@radix-ui_react-dialog.js?v=77320122:0
[      16ms] [WARNING] [JavaScript Warning: "Loading failed for the module with source “http://localhost:5173/node_modules/.vite/deps/@radix-ui_react-dropdown-menu.js?v=77320122”." {file: "http://localhost:5173/src/components/ui/shadecn/BaseDropdownMenu.tsx" line: 0}] @ http://localhost:5173/src/components/ui/shadecn/BaseDropdownMenu.tsx:0
[      17ms] [WARNING] [JavaScript Warning: "Loading failed for the module with source “http://localhost:5173/node_modules/.vite/deps/chunk-6YFHIEZT.js?v=77320122”." {file: "http://localhost:5173/node_modules/.vite/deps/@radix-ui_react-dialog.js?v=77320122" line: 0}] @ http://localhost:5173/node_modules/.vite/deps/@radix-ui_react-dialog.js?v=77320122:0
[      17ms] [WARNING] [JavaScript Warning: "Loading failed for the module with source “http://localhost:5173/node_modules/.vite/deps/chunk-7YO4S4MC.js?v=77320122”." {file: "http://localhost:5173/node_modules/.vite/deps/@radix-ui_react-dialog.js?v=77320122" line: 0}] @ http://localhost:5173/node_modules/.vite/deps/@radix-ui_react-dialog.js?v=77320122:0
[     588ms] [WARNING] [JavaScript Warning: "Loading failed for the module with source “http://localhost:5173/node_modules/.vite/deps/chunk-VN527JGS.js?v=77320122”." {file: "http://localhost:5173/node_modules/.vite/deps/CDWEKZTF-GPTUOXZI.js?v=77320122" line: 0}] @ http://localhost:5173/node_modules/.vite/deps/CDWEKZTF-GPTUOXZI.js?v=77320122:0
[     591ms] TypeError: error loading dynamically imported module: http://localhost:5173/node_modules/.vite/deps/chunk-VN527JGS.js?v=77320122
    at handleError (http://localhost:5173/node_modules/.vite/deps/chunk-HR5GWJH4.js?v=77320122:744:13)
    at runUpdates (http://localhost:5173/node_modules/.vite/deps/chunk-HR5GWJH4.js?v=77320122:569:16)
    at completeLoad (http://localhost:5173/node_modules/.vite/deps/chunk-HR5GWJH4.js?v=77320122:158:15)
    at loadEnd (http://localhost:5173/node_modules/.vite/deps/chunk-HR5GWJH4.js?v=77320122:153:26)
    at createResource/load/< (http://localhost:5173/node_modules/.vite/deps/chunk-HR5GWJH4.js?v=77320122:223:71)
    at promise callback*load (http://localhost:5173/node_modules/.vite/deps/chunk-HR5GWJH4.js?v=77320122:223:14)
    at createResource (http://localhost:5173/node_modules/.vite/deps/chunk-HR5GWJH4.js?v=77320122:249:12)
    at wrap (http://localhost:5173/node_modules/.vite/deps/chunk-HR5GWJH4.js?v=77320122:1103:33)
    at createComponent/< (http://localhost:5173/node_modules/.vite/deps/chunk-HR5GWJH4.js?v=77320122:935:28)
    at untrack (http://localhost:5173/node_modules/.vite/deps/chunk-HR5GWJH4.js?v=77320122:259:58)
    at createComponent (http://localhost:5173/node_modules/.vite/deps/chunk-HR5GWJH4.js?v=77320122:935:10)
    at mount/dispose< (http://localhost:5173/node_modules/.vite/deps/@tanstack_react-query-devtools.js?v=77320122:115:14)
    at render/< (http://localhost:5173/node_modules/.vite/deps/chunk-HR5GWJH4.js?v=77320122:1370:53)
    at createRoot/updateFn< (http://localhost:5173/node_modules/.vite/deps/chunk-HR5GWJH4.js?v=77320122:61:40)
    at runUpdates (http://localhost:5173/node_modules/.vite/deps/chunk-HR5GWJH4.js?v=77320122:563:17)
    at createRoot (http://localhost:5173/node_modules/.vite/deps/chunk-HR5GWJH4.js?v=77320122:65:12)
    at render (http://localhost:5173/node_modules/.vite/deps/chunk-HR5GWJH4.js?v=77320122:1368:13)
    at mount (http://localhost:5173/node_modules/.vite/deps/@tanstack_react-query-devtools.js?v=77320122:98:27)
    at ReactQueryDevtools/< (http://localhost:5173/node_modules/.vite/deps/@tanstack_react-query-devtools.js?v=77320122:363:16)
    at react-stack-bottom-frame (http://localhost:5173/node_modules/.vite/deps/react-dom_client.js?v=77320122:17478:20)
    at runWithFiberInDEV (http://localhost:5173/node_modules/.vite/deps/react-dom_client.js?v=77320122:1487:15)
    at commitHookEffectListMount (http://localhost:5173/node_modules/.vite/deps/react-dom_client.js?v=77320122:8460:122)
    at commitHookPassiveMountEffects (http://localhost:5173/node_modules/.vite/deps/react-dom_client.js?v=77320122:8518:60)
    at commitPassiveMountOnFiber (http://localhost:5173/node_modules/.vite/deps/react-dom_client.js?v=77320122:9887:29)
    at recursivelyTraversePassiveMountEffects (http://localhost:5173/node_modules/.vite/deps/react-dom_client.js?v=77320122:9868:38)
    at commitPassiveMountOnFiber (http://localhost:5173/node_modules/.vite/deps/react-dom_client.js?v=77320122:9984:51)
    at recursivelyTraversePassiveMountEffects (http://localhost:5173/node_modules/.vite/deps/react-dom_client.js?v=77320122:9868:38)
    at commitPassiveMountOnFiber (http://localhost:5173/node_modules/.vite/deps/react-dom_client.js?v=77320122:9881:51)
    at recursivelyTraversePassiveMountEffects (http://localhost:5173/node_modules/.vite/deps/react-dom_client.js?v=77320122:9868:38)
    at commitPassiveMountOnFiber (http://localhost:5173/node_modules/.vite/deps/react-dom_client.js?v=77320122:9881:51)
    at recursivelyTraversePassiveMountEffects (http://localhost:5173/node_modules/.vite/deps/react-dom_client.js?v=77320122:9868:38)
    at commitPassiveMountOnFiber (http://localhost:5173/node_modules/.vite/deps/react-dom_client.js?v=77320122:9899:51)
    at flushPassiveEffects (http://localhost:5173/node_modules/.vite/deps/react-dom_client.js?v=77320122:11302:36)
    at ../node_modules/.pnpm/react-dom (19.1.0_react@19.1.0/node_modules/react-dom/cjs/react-dom-client.development.js/commitRoot/<@http://localhost:5173/node_modules/.vite/deps/react-dom_client.js?v=77320122:11060:32)
    at performWorkUntilDeadline (http://localhost:5173/node_modules/.vite/deps/react-dom_client.js?v=77320122:36:58)
    at EventHandlerNonNull*../node_modules/.pnpm/scheduler (0.26.0/node_modules/scheduler/cjs/scheduler.development.js/<@http://localhost:5173/node_modules/.vite/deps/react-dom_client.js?v=77320122:156:9)
    at ../node_modules/.pnpm/scheduler (0.26.0/node_modules/scheduler/cjs/scheduler.development.js@http://localhost:5173/node_modules/.vite/deps/react-dom_client.js?v=77320122:266:7)
    at __require2 (http://localhost:5173/node_modules/.vite/deps/chunk-OL46QLBJ.js?v=77320122:21:50)
    at ../node_modules/.pnpm/scheduler (0.26.0/node_modules/scheduler/index.js@http://localhost:5173/node_modules/.vite/deps/react-dom_client.js?v=77320122:277:24)
    at __require2 (http://localhost:5173/node_modules/.vite/deps/chunk-OL46QLBJ.js?v=77320122:21:50)
    at ../node_modules/.pnpm/react-dom (19.1.0_react@19.1.0/node_modules/react-dom/cjs/react-dom-client.development.js/<@http://localhost:5173/node_modules/.vite/deps/react-dom_client.js?v=77320122:15216:23)
    at ../node_modules/.pnpm/react-dom (19.1.0_react@19.1.0/node_modules/react-dom/cjs/react-dom-client.development.js@http://localhost:5173/node_modules/.vite/deps/react-dom_client.js?v=77320122:18060:7)
    at __require2 (http://localhost:5173/node_modules/.vite/deps/chunk-OL46QLBJ.js?v=77320122:21:50)
    at ../node_modules/.pnpm/react-dom (19.1.0_react@19.1.0/node_modules/react-dom/client.js@http://localhost:5173/node_modules/.vite/deps/react-dom_client.js?v=77320122:18071:24)
    at __require2 (http://localhost:5173/node_modules/.vite/deps/chunk-OL46QLBJ.js?v=77320122:21:50)
    at  (http://localhost:5173/node_modules/.vite/deps/react-dom_client.js?v=77320122:18075:16)
[    1326ms] RangeError: invalid language tag: "undefined"
    at handleError (http://localhost:5173/node_modules/.vite/deps/chunk-HR5GWJH4.js?v=77320122:744:13)
    at runUpdates (http://localhost:5173/node_modules/.vite/deps/chunk-HR5GWJH4.js?v=77320122:569:16)
    at completeLoad (http://localhost:5173/node_modules/.vite/deps/chunk-HR5GWJH4.js?v=77320122:158:15)
    at loadEnd (http://localhost:5173/node_modules/.vite/deps/chunk-HR5GWJH4.js?v=77320122:153:26)
    at createResource/load/< (http://localhost:5173/node_modules/.vite/deps/chunk-HR5GWJH4.js?v=77320122:223:71)
    at promise callback*load (http://localhost:5173/node_modules/.vite/deps/chunk-HR5GWJH4.js?v=77320122:223:14)
    at createResource (http://localhost:5173/node_modules/.vite/deps/chunk-HR5GWJH4.js?v=77320122:249:12)
    at wrap (http://localhost:5173/node_modules/.vite/deps/chunk-HR5GWJH4.js?v=77320122:1103:33)
    at createComponent/< (http://localhost:5173/node_modules/.vite/deps/chunk-HR5GWJH4.js?v=77320122:935:28)
    at untrack (http://localhost:5173/node_modules/.vite/deps/chunk-HR5GWJH4.js?v=77320122:259:58)
    at createComponent (http://localhost:5173/node_modules/.vite/deps/chunk-HR5GWJH4.js?v=77320122:935:10)
    at mount/dispose< (http://localhost:5173/node_modules/.vite/deps/@tanstack_react-query-devtools.js?v=77320122:115:14)
    at render/< (http://localhost:5173/node_modules/.vite/deps/chunk-HR5GWJH4.js?v=77320122:1370:53)
    at createRoot/updateFn< (http://localhost:5173/node_modules/.vite/deps/chunk-HR5GWJH4.js?v=77320122:61:40)
    at runUpdates (http://localhost:5173/node_modules/.vite/deps/chunk-HR5GWJH4.js?v=77320122:563:17)
    at createRoot (http://localhost:5173/node_modules/.vite/deps/chunk-HR5GWJH4.js?v=77320122:65:12)
    at render (http://localhost:5173/node_modules/.vite/deps/chunk-HR5GWJH4.js?v=77320122:1368:13)
    at mount (http://localhost:5173/node_modules/.vite/deps/@tanstack_react-query-devtools.js?v=77320122:98:27)
    at ReactQueryDevtools/< (http://localhost:5173/node_modules/.vite/deps/@tanstack_react-query-devtools.js?v=77320122:363:16)
    at react-stack-bottom-frame (http://localhost:5173/node_modules/.vite/deps/react-dom_client.js?v=77320122:17478:20)
    at runWithFiberInDEV (http://localhost:5173/node_modules/.vite/deps/react-dom_client.js?v=77320122:1487:15)
    at commitHookEffectListMount (http://localhost:5173/node_modules/.vite/deps/react-dom_client.js?v=77320122:8460:122)
    at commitHookPassiveMountEffects (http://localhost:5173/node_modules/.vite/deps/react-dom_client.js?v=77320122:8518:60)
    at commitPassiveMountOnFiber (http://localhost:5173/node_modules/.vite/deps/react-dom_client.js?v=77320122:9887:29)
    at recursivelyTraversePassiveMountEffects (http://localhost:5173/node_modules/.vite/deps/react-dom_client.js?v=77320122:9868:38)
    at commitPassiveMountOnFiber (http://localhost:5173/node_modules/.vite/deps/react-dom_client.js?v=77320122:9984:51)
    at recursivelyTraversePassiveMountEffects (http://localhost:5173/node_modules/.vite/deps/react-dom_client.js?v=77320122:9868:38)
    at commitPassiveMountOnFiber (http://localhost:5173/node_modules/.vite/deps/react-dom_client.js?v=77320122:9881:51)
    at recursivelyTraversePassiveMountEffects (http://localhost:5173/node_modules/.vite/deps/react-dom_client.js?v=77320122:9868:38)
    at commitPassiveMountOnFiber (http://localhost:5173/node_modules/.vite/deps/react-dom_client.js?v=77320122:9881:51)
    at recursivelyTraversePassiveMountEffects (http://localhost:5173/node_modules/.vite/deps/react-dom_client.js?v=77320122:9868:38)
    at commitPassiveMountOnFiber (http://localhost:5173/node_modules/.vite/deps/react-dom_client.js?v=77320122:9899:51)
    at flushPassiveEffects (http://localhost:5173/node_modules/.vite/deps/react-dom_client.js?v=77320122:11302:36)
    at ../node_modules/.pnpm/react-dom (19.1.0_react@19.1.0/node_modules/react-dom/cjs/react-dom-client.development.js/commitRoot/<@http://localhost:5173/node_modules/.vite/deps/react-dom_client.js?v=77320122:11060:32)
    at performWorkUntilDeadline (http://localhost:5173/node_modules/.vite/deps/react-dom_client.js?v=77320122:36:58)
    at EventHandlerNonNull*../node_modules/.pnpm/scheduler (0.26.0/node_modules/scheduler/cjs/scheduler.development.js/<@http://localhost:5173/node_modules/.vite/deps/react-dom_client.js?v=77320122:156:9)
    at ../node_modules/.pnpm/scheduler (0.26.0/node_modules/scheduler/cjs/scheduler.development.js@http://localhost:5173/node_modules/.vite/deps/react-dom_client.js?v=77320122:266:7)
    at __require2 (http://localhost:5173/node_modules/.vite/deps/chunk-OL46QLBJ.js?v=77320122:21:50)
    at ../node_modules/.pnpm/scheduler (0.26.0/node_modules/scheduler/index.js@http://localhost:5173/node_modules/.vite/deps/react-dom_client.js?v=77320122:277:24)
    at __require2 (http://localhost:5173/node_modules/.vite/deps/chunk-OL46QLBJ.js?v=77320122:21:50)
    at ../node_modules/.pnpm/react-dom (19.1.0_react@19.1.0/node_modules/react-dom/cjs/react-dom-client.development.js/<@http://localhost:5173/node_modules/.vite/deps/react-dom_client.js?v=77320122:15216:23)
    at ../node_modules/.pnpm/react-dom (19.1.0_react@19.1.0/node_modules/react-dom/cjs/react-dom-client.development.js@http://localhost:5173/node_modules/.vite/deps/react-dom_client.js?v=77320122:18060:7)
    at __require2 (http://localhost:5173/node_modules/.vite/deps/chunk-OL46QLBJ.js?v=77320122:21:50)
    at ../node_modules/.pnpm/react-dom (19.1.0_react@19.1.0/node_modules/react-dom/client.js@http://localhost:5173/node_modules/.vite/deps/react-dom_client.js?v=77320122:18071:24)
    at __require2 (http://localhost:5173/node_modules/.vite/deps/chunk-OL46QLBJ.js?v=77320122:21:50)
    at  (http://localhost:5173/node_modules/.vite/deps/react-dom_client.js?v=77320122:18075:16)
[   17238ms] [ERROR] Failed to initialize adapter: Error @ http://localhost:5173/src/services/auth/auth.service.ts:43
[   18111ms] RangeError: invalid language tag: "undefined"
    at handleError (http://localhost:5173/node_modules/.vite/deps/chunk-HR5GWJH4.js?v=77320122:744:13)
    at runUpdates (http://localhost:5173/node_modules/.vite/deps/chunk-HR5GWJH4.js?v=77320122:569:16)
    at completeLoad (http://localhost:5173/node_modules/.vite/deps/chunk-HR5GWJH4.js?v=77320122:158:15)
    at loadEnd (http://localhost:5173/node_modules/.vite/deps/chunk-HR5GWJH4.js?v=77320122:153:26)
    at createResource/load/< (http://localhost:5173/node_modules/.vite/deps/chunk-HR5GWJH4.js?v=77320122:223:71)
    at promise callback*load (http://localhost:5173/node_modules/.vite/deps/chunk-HR5GWJH4.js?v=77320122:223:14)
    at createResource (http://localhost:5173/node_modules/.vite/deps/chunk-HR5GWJH4.js?v=77320122:249:12)
    at wrap (http://localhost:5173/node_modules/.vite/deps/chunk-HR5GWJH4.js?v=77320122:1103:33)
    at createComponent/< (http://localhost:5173/node_modules/.vite/deps/chunk-HR5GWJH4.js?v=77320122:935:28)
    at untrack (http://localhost:5173/node_modules/.vite/deps/chunk-HR5GWJH4.js?v=77320122:259:58)
    at createComponent (http://localhost:5173/node_modules/.vite/deps/chunk-HR5GWJH4.js?v=77320122:935:10)
    at mount/dispose< (http://localhost:5173/node_modules/.vite/deps/@tanstack_react-query-devtools.js?v=77320122:115:14)
    at render/< (http://localhost:5173/node_modules/.vite/deps/chunk-HR5GWJH4.js?v=77320122:1370:53)
    at createRoot/updateFn< (http://localhost:5173/node_modules/.vite/deps/chunk-HR5GWJH4.js?v=77320122:61:40)
    at runUpdates (http://localhost:5173/node_modules/.vite/deps/chunk-HR5GWJH4.js?v=77320122:563:17)
    at createRoot (http://localhost:5173/node_modules/.vite/deps/chunk-HR5GWJH4.js?v=77320122:65:12)
    at render (http://localhost:5173/node_modules/.vite/deps/chunk-HR5GWJH4.js?v=77320122:1368:13)
    at mount (http://localhost:5173/node_modules/.vite/deps/@tanstack_react-query-devtools.js?v=77320122:98:27)
    at ReactQueryDevtools/< (http://localhost:5173/node_modules/.vite/deps/@tanstack_react-query-devtools.js?v=77320122:363:16)
    at react-stack-bottom-frame (http://localhost:5173/node_modules/.vite/deps/react-dom_client.js?v=77320122:17478:20)
    at runWithFiberInDEV (http://localhost:5173/node_modules/.vite/deps/react-dom_client.js?v=77320122:1487:15)
    at commitHookEffectListMount (http://localhost:5173/node_modules/.vite/deps/react-dom_client.js?v=77320122:8460:122)
    at commitHookPassiveMountEffects (http://localhost:5173/node_modules/.vite/deps/react-dom_client.js?v=77320122:8518:60)
    at commitPassiveMountOnFiber (http://localhost:5173/node_modules/.vite/deps/react-dom_client.js?v=77320122:9887:29)
    at recursivelyTraversePassiveMountEffects (http://localhost:5173/node_modules/.vite/deps/react-dom_client.js?v=77320122:9868:38)
    at commitPassiveMountOnFiber (http://localhost:5173/node_modules/.vite/deps/react-dom_client.js?v=77320122:9984:51)
    at recursivelyTraversePassiveMountEffects (http://localhost:5173/node_modules/.vite/deps/react-dom_client.js?v=77320122:9868:38)
    at commitPassiveMountOnFiber (http://localhost:5173/node_modules/.vite/deps/react-dom_client.js?v=77320122:9881:51)
    at recursivelyTraversePassiveMountEffects (http://localhost:5173/node_modules/.vite/deps/react-dom_client.js?v=77320122:9868:38)
    at commitPassiveMountOnFiber (http://localhost:5173/node_modules/.vite/deps/react-dom_client.js?v=77320122:9881:51)
    at recursivelyTraversePassiveMountEffects (http://localhost:5173/node_modules/.vite/deps/react-dom_client.js?v=77320122:9868:38)
    at commitPassiveMountOnFiber (http://localhost:5173/node_modules/.vite/deps/react-dom_client.js?v=77320122:9899:51)
    at flushPassiveEffects (http://localhost:5173/node_modules/.vite/deps/react-dom_client.js?v=77320122:11302:36)
    at ../node_modules/.pnpm/react-dom (19.1.0_react@19.1.0/node_modules/react-dom/cjs/react-dom-client.development.js/commitRoot/<@http://localhost:5173/node_modules/.vite/deps/react-dom_client.js?v=77320122:11060:32)
    at performWorkUntilDeadline (http://localhost:5173/node_modules/.vite/deps/react-dom_client.js?v=77320122:36:58)
    at EventHandlerNonNull*../node_modules/.pnpm/scheduler (0.26.0/node_modules/scheduler/cjs/scheduler.development.js/<@http://localhost:5173/node_modules/.vite/deps/react-dom_client.js?v=77320122:156:9)
    at ../node_modules/.pnpm/scheduler (0.26.0/node_modules/scheduler/cjs/scheduler.development.js@http://localhost:5173/node_modules/.vite/deps/react-dom_client.js?v=77320122:266:7)
    at __require2 (http://localhost:5173/node_modules/.vite/deps/chunk-OL46QLBJ.js?v=77320122:21:50)
    at ../node_modules/.pnpm/scheduler (0.26.0/node_modules/scheduler/index.js@http://localhost:5173/node_modules/.vite/deps/react-dom_client.js?v=77320122:277:24)
    at __require2 (http://localhost:5173/node_modules/.vite/deps/chunk-OL46QLBJ.js?v=77320122:21:50)
    at ../node_modules/.pnpm/react-dom (19.1.0_react@19.1.0/node_modules/react-dom/cjs/react-dom-client.development.js/<@http://localhost:5173/node_modules/.vite/deps/react-dom_client.js?v=77320122:15216:23)
    at ../node_modules/.pnpm/react-dom (19.1.0_react@19.1.0/node_modules/react-dom/cjs/react-dom-client.development.js@http://localhost:5173/node_modules/.vite/deps/react-dom_client.js?v=77320122:18060:7)
    at __require2 (http://localhost:5173/node_modules/.vite/deps/chunk-OL46QLBJ.js?v=77320122:21:50)
    at ../node_modules/.pnpm/react-dom (19.1.0_react@19.1.0/node_modules/react-dom/client.js@http://localhost:5173/node_modules/.vite/deps/react-dom_client.js?v=77320122:18071:24)
    at __require2 (http://localhost:5173/node_modules/.vite/deps/chunk-OL46QLBJ.js?v=77320122:21:50)
    at  (http://localhost:5173/node_modules/.vite/deps/react-dom_client.js?v=77320122:18075:16)
[  124741ms] [ERROR] Failed to initialize adapter: Error @ http://localhost:5173/src/services/auth/auth.service.ts:43
[  124761ms] [ERROR] [vite] Error @ http://localhost:5173/@vite/client:881
[  124762ms] [ERROR] [vite] Failed to reload /src/components/ui/TextField.tsx. This could be due to syntax errors or importing non-existent modules. (see errors above) @ http://localhost:5173/@vite/client:881
[  124769ms] [ERROR] [vite] Error @ http://localhost:5173/@vite/client:881
[  124769ms] [ERROR] [vite] Failed to reload /src/styles/index.scss. This could be due to syntax errors or importing non-existent modules. (see errors above) @ http://localhost:5173/@vite/client:881
[  124770ms] [WARNING] [JavaScript Warning: "Loading failed for the module with source “http://localhost:5173/src/components/ui/TextField.tsx?t=1770587764974”." {file: "http://localhost:5173/@vite/client" line: 0}] @ http://localhost:5173/@vite/client:0
[  124770ms] [WARNING] [JavaScript Warning: "Loading failed for the module with source “http://localhost:5173/src/styles/index.scss?t=1770587764974”." {file: "http://localhost:5173/@vite/client" line: 0}] @ http://localhost:5173/@vite/client:0
